TN:
SF:src/idporten.ts
FN:14,initIdportenIssuer
FN:23,validateIdportenSubjectToken
FN:36,validatePayload
FNF:3
FNH:1
FNDA:0,initIdportenIssuer
FNDA:0,validateIdportenSubjectToken
FNDA:4,validatePayload
DA:1,1
DA:2,1
DA:3,1
DA:4,1
DA:5,1
DA:6,1
DA:7,1
DA:8,1
DA:9,1
DA:10,1
DA:11,1
DA:12,1
DA:13,1
DA:14,0
DA:15,0
DA:16,0
DA:17,0
DA:18,0
DA:19,0
DA:20,0
DA:21,0
DA:22,1
DA:23,1
DA:24,0
DA:25,0
DA:26,0
DA:27,0
DA:28,0
DA:29,0
DA:30,0
DA:31,0
DA:32,0
DA:33,0
DA:34,0
DA:35,1
DA:36,4
DA:37,4
DA:38,1
DA:39,1
DA:40,3
DA:41,4
DA:42,1
DA:43,1
DA:44,4
LF:44
LH:25
BRDA:36,0,0,4
BRDA:37,1,0,1
BRDA:40,2,0,3
BRDA:41,3,0,1
BRF:4
BRH:4
end_of_record
